<?xml version="1.0" encoding="UTF-8"?>
<testng-results ignored="0" total="1" passed="1" failed="0" skipped="0">
  <reporter-output>
  </reporter-output>
  <suite started-at="2022-12-04T23:29:44 IST" name="Default suite" finished-at="2022-12-04T23:30:57 IST" duration-ms="72939">
    <groups>
    </groups>
    <test started-at="2022-12-04T23:29:44 IST" name="Default test" finished-at="2022-12-04T23:30:57 IST" duration-ms="72939">
      <class name="com.test.SwiggyAutomation">
        <test-method signature="launchChromeBrowser()[pri:0, instance:com.test.SwiggyAutomation@4803b726]" started-at="2022-12-04T23:29:45 IST" name="launchChromeBrowser" finished-at="2022-12-04T23:30:55 IST" duration-ms="70853" status="PASS">
          <reporter-output>
          </reporter-output>
        </test-method> <!-- launchChromeBrowser -->
      </class> <!-- com.test.SwiggyAutomation -->
    </test> <!-- Default test -->
  </suite> <!-- Default suite -->
</testng-results>
